     1                                          BOOT_LOAD       equ     0x7C00          ;ブートプログラムのロード位置
     2                                  
     3                                          ORG     BOOT_LOAD
     4                                  
     5                                  %include    "../include/macro.s"
     1                              <1> %macro  cdecl 1-*.nolist
     2                              <1> 
     3                              <1>     %rep %0 - 1
     4                              <1>         push    %{-1:-1}
     5                              <1>         %rotate -1
     6                              <1>     %endrep
     7                              <1>     %rotate -1
     8                              <1> 
     9                              <1>         call    %1
    10                              <1> 
    11                              <1>     %if 1 < %0
    12                              <1>         add     sp, (__BITS__ >> 3) * (%0 - 1)
    13                              <1>     %endif
    14                              <1> 
    15                              <1> %endmacro
     6                                  
     7                                  entry:                                          ;エントリポイント
     8 00000000 EB58                            jmp     ipl                             ;IPLへジャンプ
     9                                  
    10 00000002 90<rept>                        times   90 - ($ - $$) db 0x90           ;BPB(BIOS Parameter Block)
    11                                          
    12                                  ipl:                                            ;IPL(Initial Program Loader)
    13 0000005A FA                              cli                                     ;割り込み禁止
    14                                  
    15 0000005B B80000                          mov     ax, 0x0000
    16 0000005E 8ED8                            mov     ds, ax
    17 00000060 8EC0                            mov     es, ax
    18 00000062 8ED0                            mov     ss, ax
    19 00000064 BC007C                          mov     sp, BOOT_LOAD
    20                                  
    21 00000067 FB                              sti                                     ;割り込み許可
    22 00000068 8816[8600]                      mov     [BOOT.DRIVE], dl                ;ブートドライブを保存
    23                                  
    24 0000006C 6A58E8170083C402                cdecl   putc, word 'X'                  ;文字の表示
    25 00000074 6A59E80F0083C402                cdecl   putc, word 'Y'
    26 0000007C 6A5AE8070083C402                cdecl   putc, word 'Z'
    27                                  
    28 00000084 EBFE                            jmp     $
    29                                  
    30                                  ALIGN 2, db 0
    31                                  BOOT:
    32 00000086 0000                    .DRIVE:         dw 0
    33                                  
    34                                  %include    "../modules/real/putc.s"
     1                              <1> putc:
     2 00000088 55                  <1>         push    bp                              ;スタックフレームの構築
     3 00000089 89E5                <1>         mov     bp, sp
     4                              <1> 
     5 0000008B 50                  <1>         push    ax                              ;レジスタの保存
     6 0000008C 53                  <1>         push    bx
     7                              <1> 
     8 0000008D 8A4604              <1>         mov     al, [bp + 4]                    ;出力文字を取得
     9 00000090 B40E                <1>         mov     ah, 0x0E                        ;テレタイプ式で1文字出力
    10 00000092 BB0000              <1>         mov     bx, 0x0000                      ;ページ番号と文字色を0に設定
    11 00000095 CD10                <1>         int     0x10                            ;ビデオBIOSコール
    12                              <1> 
    13 00000097 5B                  <1>         pop     bx                              ;レジスタの復帰
    14 00000098 58                  <1>         pop     ax
    15                              <1> 
    16 00000099 89EC                <1>         mov     sp, bp                          ;スタックフレームの破棄
    17 0000009B 5D                  <1>         pop     bp
    18                              <1> 
    19 0000009C C3                  <1>         ret
    35                                  
    36 0000009D 00<rept>                        times   510 - ($ - $$) db 0x00          ;ブートフラグ(先頭512バイトの終了)
    37 000001FE 55AA                            db      0x55, 0xAA
