     1                                          BOOT_LOAD       equ     0x7C00          ;ブートプログラムのロード位置
     2                                  
     3                                          ORG     BOOT_LOAD
     4                                  
     5                                  %include    "../include/macro.s"
     1                              <1> %macro  cdecl 1-*.nolist
     2                              <1> 
     3                              <1>     %rep %0 - 1
     4                              <1>         push    %{-1:-1}
     5                              <1>         %rotate -1
     6                              <1>     %endrep
     7                              <1>     %rotate -1
     8                              <1> 
     9                              <1>         call    %1
    10                              <1> 
    11                              <1>     %if 1 < %0
    12                              <1>         add     sp, (__BITS__ >> 3) * (%0 - 1)
    13                              <1>     %endif
    14                              <1> 
    15                              <1> %endmacro
     6                                  
     7                                  entry:                                          ;エントリポイント
     8 00000000 EB58                            jmp     ipl                             ;IPLへジャンプ
     9                                  
    10 00000002 90<rept>                        times   90 - ($ - $$) db 0x90           ;BPB(BIOS Parameter Block)
    11                                          
    12                                  ipl:                                            ;IPL(Initial Program Loader)
    13 0000005A FA                              cli                                     ;割り込み禁止
    14                                  
    15 0000005B B80000                          mov     ax, 0x0000
    16 0000005E 8ED8                            mov     ds, ax
    17 00000060 8EC0                            mov     es, ax
    18 00000062 8ED0                            mov     ss, ax
    19 00000064 BC007C                          mov     sp, BOOT_LOAD
    20                                  
    21 00000067 FB                              sti                                     ;割り込み許可
    22 00000068 8816[C800]                      mov     [BOOT.DRIVE], dl                ;ブートドライブを保存
    23                                  
    24 0000006C 68[B000]E8580083C4-             cdecl   puts, .s0                       ;文字列の表示
    24 00000074 02                 
    25                                  
    26 00000075 E8F100                          cdecl   reboot                          ;再起動して戻ってこない
    27                                  
    28 00000078 6A016A0A6A0868-                 cdecl   itoa,  8086, .s1, 8, 10, 0b0001 ;数値の表示
    28 0000007F [BD00]68961FE86200-
    28 00000087 83C40A             
    29 0000008A 68[BD00]E83A0083C4-             cdecl   puts, .s1
    29 00000092 02                 
    30                                  
    31 00000093 6A036A0A6A0868-                 cdecl   itoa,  8086, .s1, 8, 10, 0b0011
    31 0000009A [BD00]68961FE84700-
    31 000000A2 83C40A             
    32 000000A5 68[BD00]E81F0083C4-             cdecl   puts, .s1
    32 000000AD 02                 
    33                                  
    34 000000AE EBFE                            jmp     $
    35                                  
    36 000000B0 626F6F74696E672E2E-     .s0     db "booting...", 0x0A, 0x0D, 0          ;データ定義
    36 000000B9 2E0A0D00           
    37 000000BD 2D2D2D2D2D2D2D2D0A-     .s1     db "--------", 0x0A, 0x0D, 0
    37 000000C6 0D00               
    38                                  
    39                                  ALIGN 2, db 0
    40                                  BOOT:
    41 000000C8 0000                    .DRIVE:         dw 0
    42                                  
    43                                  %include    "../modules/real/puts.s"
     1                              <1> puts:
     2 000000CA 55                  <1>         push    bp                              ;スタックフレームの構築
     3 000000CB 89E5                <1>         mov     bp, sp
     4                              <1> 
     5 000000CD 50                  <1>         push    ax                              ;レジスタの保存
     6 000000CE 53                  <1>         push    bx
     7 000000CF 56                  <1>         push    si
     8                              <1> 
     9 000000D0 8B7604              <1>         mov     si, [bp + 4]                    ;SIに文字列のアドレスを代入
    10                              <1> 
    11 000000D3 B40E                <1>         mov     ah, 0x0E                        ;テレタイプ式で1文字出力
    12 000000D5 BB0000              <1>         mov     bx, 0x0000                      ;ページ番号と文字色を0に設定
    13 000000D8 FC                  <1>         cld                                     ;DFに0を代入しアドレスを加算
    14                              <1> 
    15                              <1> .10L:
    16 000000D9 AC                  <1>         lodsb
    17                              <1> 
    18 000000DA 3C00                <1>         cmp     al, 0                           ;ALが0である場合break、そうでない場合は文字を出力して.10Lの先頭に戻る
    19 000000DC 7404                <1>         je      .10E
    20                              <1> 
    21 000000DE CD10                <1>         int     0x10
    22 000000E0 EBF7                <1>         jmp     .10L
    23                              <1> .10E:
    24                              <1> 
    25 000000E2 5E                  <1>         pop     si                              ;レジスタの復帰
    26 000000E3 5B                  <1>         pop     bx
    27 000000E4 58                  <1>         pop     ax
    28                              <1> 
    29 000000E5 89EC                <1>         mov     sp, bp                          ;スタックフレームの破棄
    30 000000E7 5D                  <1>         pop     bp
    31                              <1> 
    32 000000E8 C3                  <1>         ret
    44                                  %include    "../modules/real/itoa.s"
     1                              <1> itoa:
     2 000000E9 55                  <1>         push    bp                              ;スタックフレームの構築
     3 000000EA 89E5                <1>         mov     bp, sp
     4                              <1> 
     5 000000EC 50                  <1>         push    ax                              ;レジスタの保存
     6 000000ED 53                  <1>         push    bx
     7 000000EE 51                  <1>         push    cx
     8 000000EF 52                  <1>         push    dx
     9 000000F0 56                  <1>         push    si
    10 000000F1 57                  <1>         push    di
    11                              <1> 
    12 000000F2 8B4604              <1>         mov     ax, [bp + 4]                    ;引数の取得
    13 000000F5 8B7606              <1>         mov     si, [bp + 6]
    14 000000F8 8B4E08              <1>         mov     cx, [bp + 8]
    15                              <1>         
    16 000000FB 89F7                <1>         mov     di, si                          ;バッファの最後尾
    17 000000FD 01CF                <1>         add     di, cx
    18 000000FF 4F                  <1>         dec     di
    19                              <1> 
    20 00000100 8B5E0C              <1>         mov     bx, word [bp + 12]
    21                              <1> 
    22 00000103 F7C30100            <1>         test    bx, 0b0001                      ;符号付き判定
    23 00000107 7408                <1> .10Q:   je      .10E
    24 00000109 83F800              <1>         cmp     ax, 0
    25 0000010C 7D03                <1> .12Q:   jge     .12E
    26 0000010E 83CB02              <1>         or      bx, 0b0010
    27                              <1> .12E:
    28                              <1> .10E:
    29                              <1> 
    30 00000111 F7C30200            <1>         test    bx, 0b0010                      ;符号出力判定
    31 00000115 7410                <1> .20Q:   je      .20E
    32 00000117 83F800              <1>         cmp     ax, 0
    33 0000011A 7D07                <1> .22Q:   jge     .22F
    34 0000011C F7D8                <1>         neg     ax
    35 0000011E C6042D              <1>         mov     [si], byte '-'
    36 00000121 EB03                <1>         jmp     .22E
    37                              <1> 
    38                              <1> .22F:
    39 00000123 C6042B              <1>         mov     [si], byte '+'
    40                              <1> .22E:
    41 00000126 49                  <1>         dec     cx
    42                              <1> .20E:
    43                              <1> 
    44 00000127 8B5E0A              <1>         mov     bx, [bp + 10]
    45                              <1> .30L:
    46 0000012A BA0000              <1>         mov     dx, 0                           ;ASCII変換
    47 0000012D F7F3                <1>         div     bx
    48                              <1> 
    49 0000012F 89D6                <1>         mov     si, dx
    50 00000131 8A94[5901]          <1>         mov     dl, byte [.ascii + si]
    51                              <1> 
    52 00000135 8815                <1>         mov     [di], dl
    53 00000137 4F                  <1>         dec     di
    54                              <1> 
    55 00000138 83F800              <1>         cmp     ax, 0
    56 0000013B E0ED                <1>         loopnz  .30L
    57                              <1> .30E:
    58                              <1> 
    59 0000013D 83F900              <1>         cmp     cx, 0                           ;空欄を埋める
    60 00000140 740D                <1> .40Q:   je      .40E
    61 00000142 B020                <1>         mov     al, ' '
    62 00000144 837E0C04            <1>         cmp     [bp + 12], word 0b0100
    63 00000148 7502                <1> .42Q:   jne     .42E
    64 0000014A B030                <1>         mov     al, '0'
    65                              <1> .42E:
    66 0000014C FD                  <1>         std
    67 0000014D F3AA                <1>         rep stosb
    68                              <1> .40E:
    69                              <1> 
    70 0000014F 57                  <1>         push    di                              ;レジスタの復帰
    71 00000150 56                  <1>         push    si
    72 00000151 52                  <1>         push    dx
    73 00000152 51                  <1>         push    cx
    74 00000153 53                  <1>         push    bx
    75 00000154 50                  <1>         push    ax
    76                              <1> 
    77 00000155 89EC                <1>         mov     sp, bp                          ;スタックフレームの破棄
    78 00000157 5D                  <1>         pop     bp
    79                              <1> 
    80 00000158 C3                  <1>         ret
    81                              <1> 
    82 00000159 303132333435363738- <1> .ascii  db      "0123456789ABCDEF"              ;変換テーブル
    82 00000162 39414243444546      <1>
    45                                  %include    "../modules/real/reboot.s"
     1                              <1> reboot:
     2 00000169 68[8501]E85BFF83C4- <1>         cdecl   puts, .s0                       ;再起動メッセージを表示
     2 00000171 02                  <1>
     3                              <1> 
     4                              <1> .10L:
     5 00000172 B410                <1>         mov     ah, 0x10                        ;キー入力待ち
     6 00000174 CD16                <1>         int     0x16                            ;キー入力のBIOSコール
     7                              <1> 
     8 00000176 3C20                <1>         cmp     al, ' '                         ;ALが「 」であったときにbreakする
     9 00000178 75F8                <1>         jne     .10L
    10                              <1> 
    11 0000017A 68[A301]E84AFF83C4- <1>         cdecl   puts, .s1                       ;改行
    11 00000182 02                  <1>
    12                              <1> 
    13 00000183 CD19                <1>         int     0x19                            ;再起動のBIOSコール
    14                              <1> 
    15 00000185 0A0D50757368205350- <1> .s0     db  0x0A, 0x0D, "Push SPACE key to reboot...", 0
    15 0000018E 414345206B65792074- <1>
    15 00000197 6F207265626F6F742E- <1>
    15 000001A0 2E2E00              <1>
    16 000001A3 0A0D0A0D00          <1> .s1     db  0x0A, 0x0D, 0x0A, 0x0D, 0
    46                                  
    47 000001A8 00<rept>                        times   510 - ($ - $$) db 0x00          ;ブートフラグ(先頭512バイトの終了)
    48 000001FE 55AA                            db      0x55, 0xAA
